[2015-01-26 12:09:12] START
[2015-02-25 17:30:35] EDIT appt/views/layout.html: -6
[2015-02-25 17:33:34] EDIT appt/views/layout.html: -3
[2015-02-25 17:33:46] EDIT appt/views/layout.html: 3
[2015-02-25 17:37:17] DELETE appt/static/images/logo.png: -1
[2015-02-25 17:39:29] UPLOAD C:/Users/Viet/Desktop/cmps183/web2py/applications/appt/static/thevent.png: 249
[2015-02-25 17:40:02] EDIT appt/views/default/mycal.html: 0
[2015-02-25 17:40:49] EDIT appt/views/default/mycal.html: 0
[2015-02-25 17:43:45] EDIT appt/models/db_wizard.py: -6
[2015-02-25 17:44:45] EDIT appt/models/db_wizard.py: 0
[2015-02-25 17:45:20] EDIT appt/models/db_wizard.py: -2
[2015-02-25 17:46:37] EDIT appt/views/default/appointment_create.html: -2
[2015-02-25 17:47:18] EDIT appt/views/default/appointment_select.html: 0
[2015-02-25 17:47:24] EDIT appt/views/default/appointment_select.html: 0
[2015-02-25 17:47:49] EDIT appt/views/default/appointment_select.html: -2
[2015-02-25 17:48:10] EDIT appt/views/default/appointment_select.html: -2
[2015-02-25 17:49:09] EDIT appt/controllers/default.py: -4
[2015-02-25 17:50:14] EDIT appt/models/menu.py: -1
[2015-02-25 17:50:37] EDIT appt/views/default/index.html: 0
[2015-02-25 17:57:20] EDIT appt/views/default/mycal.html: 1
[2015-02-25 17:57:35] EDIT appt/views/default/mycal.html: -1
[2015-02-25 17:59:10] EDIT appt/views/default/mycal.html: 1
[2015-02-25 17:59:32] EDIT appt/views/default/mycal.html: 0
[2015-02-25 18:00:26] EDIT appt/views/default/mycal.html: 0
[2015-02-25 18:00:43] EDIT appt/views/default/mycal.html: -1
[2015-02-25 18:01:17] EDIT appt/models/menu.py: 0
[2015-02-25 18:07:23] EDIT appt/models/menu.py: 0
[2015-02-25 18:12:04] EDIT appt/views/default/appointment_read.html: -4
[2015-02-25 18:12:26] EDIT appt/views/default/appointment_read.html: 2
[2015-02-25 18:12:52] EDIT appt/views/default/appointment_read.html: 2
[2015-02-25 18:13:02] EDIT appt/views/default/appointment_read.html: -1
[2015-02-25 18:13:24] EDIT appt/views/default/appointment_read.html: 0
[2015-02-25 18:18:05] EDIT appt/models/db_wizard.py: 1
[2015-02-25 18:18:18] EDIT appt/models/db_wizard.py: 0
[2015-02-25 18:18:34] EDIT appt/models/db_wizard.py: 0
[2015-02-25 18:20:25] EDIT appt/models/db_wizard.py: 1
[2015-02-25 18:28:49] DELETE appt/static/thevent.png: -1
[2015-02-25 18:29:15] CREATE jquery.multuploads.js: 0
[2015-02-25 18:29:25] DELETE appt/static/jquery.multuploads.js: 0
[2015-02-26 18:45:37] EDIT appt/views/default/appointment_create.html: 2
[2015-02-26 18:46:39] EDIT appt/views/default/appointment_create.html: -2
[2015-02-26 18:46:55] EDIT appt/views/default/appointment_create.html: 0
[2015-03-07 19:05:29] EDIT appt/views/default/index.html: 5
[2015-03-07 19:05:42] EDIT appt/views/default/index.html: 0
[2015-03-07 19:06:07] EDIT appt/views/default/index.html: 2
[2015-03-07 19:06:19] EDIT appt/views/default/index.html: 0
[2015-03-07 19:06:26] EDIT appt/views/default/index.html: 0
[2015-03-07 19:06:32] EDIT appt/views/default/index.html: 0
[2015-03-07 19:06:42] EDIT appt/views/default/index.html: -1
[2015-03-07 19:07:00] EDIT appt/views/default/index.html: 0
[2015-03-07 19:07:12] EDIT appt/views/default/index.html: 1
[2015-03-07 19:09:39] EDIT appt/views/default/index.html: 1
[2015-03-07 19:10:20] EDIT appt/views/default/index.html: -1
[2015-03-07 19:16:13] EDIT appt/models/menu.py: 0
[2015-03-07 19:17:00] EDIT appt/models/menu.py: 0
[2015-03-07 19:17:11] EDIT appt/models/menu.py: 0
[2015-03-07 19:18:02] EDIT appt/views/default/mycal.html: 0
[2015-03-07 19:18:31] EDIT appt/views/default/appointment_select.html: 0
[2015-03-07 19:18:43] EDIT appt/views/default/appointment_select.html: 0
[2015-03-07 19:24:50] EDIT appt/views/default/appointment_select.html: 3
[2015-03-07 19:25:31] EDIT appt/views/default/appointment_select.html: 0
[2015-03-07 19:26:12] EDIT appt/views/default/appointment_select.html: 0
[2015-03-07 19:26:20] EDIT appt/views/default/appointment_select.html: -3
[2015-03-07 19:28:05] EDIT appt/views/default/appointment_select.html: 3
[2015-03-07 19:28:34] EDIT appt/views/default/appointment_select.html: 0
[2015-03-07 19:29:27] EDIT appt/views/default/appointment_select.html: -3
[2015-03-07 19:29:37] EDIT appt/views/default/appointment_read.html: 3
[2015-03-07 19:29:52] EDIT appt/views/default/appointment_read.html: 0
[2015-03-07 19:30:05] EDIT appt/views/default/appointment_read.html: 0
[2015-03-07 19:30:37] EDIT appt/views/default/appointment_read.html: 0
[2015-03-07 19:31:49] EDIT appt/views/default/appointment_read.html: 1
[2015-03-07 19:32:37] EDIT appt/views/default/appointment_read.html: 0
[2015-03-07 19:32:50] EDIT appt/views/default/appointment_read.html: 0
[2015-03-07 19:36:01] EDIT appt/views/default/appointment_read.html: 0
[2015-03-07 19:36:48] EDIT appt/views/default/appointment_read.html: 0
[2015-03-07 19:37:02] EDIT appt/views/default/appointment_read.html: 0
[2015-03-07 19:38:41] EDIT appt/views/default/appointment_read.html: 1
[2015-03-07 19:39:17] EDIT appt/views/default/appointment_read.html: -1
[2015-03-07 19:40:00] EDIT appt/views/default/appointment_read.html: 14
[2015-03-07 19:40:11] EDIT appt/views/default/appointment_read.html: -14
[2015-03-07 19:40:30] EDIT appt/views/default/appointment_read.html: 0
[2015-03-07 19:41:57] EDIT appt/models/db_wizard.py: 3
[2015-03-07 19:42:24] EDIT appt/models/db_wizard.py: 0
[2015-03-07 19:42:55] EDIT appt/models/db_wizard.py: 0
[2015-03-07 19:43:04] EDIT appt/models/db_wizard.py: -3
[2015-03-07 20:44:06] EDIT appt/views/default/appointment_read.html: -1
[2015-03-07 20:46:52] EDIT appt/views/default/appointment_read.html: 1
[2015-03-07 20:47:25] EDIT appt/views/default/appointment_read.html: -1
[2015-03-08 14:20:09] CREATE z_picture.py: 0
[2015-03-08 14:20:15] EDIT appt/models/z_picture.py: 8
[2015-03-08 14:24:53] EDIT appt/models/menu.py: 1
[2015-03-08 14:26:07] EDIT appt/models/db_wizard.py: -1
[2015-03-08 14:26:18] EDIT appt/models/db_wizard.py: 1
[2015-03-08 14:27:43] EDIT appt/models/menu.py: 1
[2015-03-08 14:29:34] EDIT appt/models/menu.py: 0
[2015-03-08 14:31:06] EDIT appt/models/menu.py: -1
[2015-03-08 14:32:12] EDIT appt/models/menu.py: 1
[2015-03-08 14:34:04] EDIT appt/models/menu.py: 0
[2015-03-08 14:34:09] EDIT appt/models/menu.py: 0
[2015-03-08 14:34:10] EDIT appt/models/menu.py: 0
[2015-03-08 14:35:57] EDIT appt/models/menu.py: 0
[2015-03-08 14:36:04] EDIT appt/models/menu.py: 0
[2015-03-08 14:50:48] EDIT appt/models/menu.py: -1
[2015-03-08 14:50:55] DELETE appt/models/z_picture.py: -8
[2015-03-08 14:52:07] EDIT appt/models/db_wizard.py: -1
[2015-03-08 14:52:28] EDIT appt/models/db_wizard.py: 0
[2015-03-08 14:52:45] EDIT appt/models/db_wizard.py: 0
[2015-03-08 14:52:55] EDIT appt/models/db_wizard.py: 0
[2015-03-08 14:54:31] EDIT appt/models/menu.py: 1
[2015-03-08 15:01:24] EDIT appt/models/db_wizard.py: 0
[2015-03-08 15:03:50] EDIT appt/models/menu.py: -1
[2015-03-08 15:05:41] EDIT appt/views/default/index.html: 4
[2015-03-08 15:06:02] EDIT appt/views/default/index.html: 0
[2015-03-08 15:16:08] EDIT appt/models/menu.py: 0
[2015-03-08 15:25:08] EDIT appt/models/menu.py: 1
[2015-03-08 15:32:23] EDIT appt/models/0.py: -4
[2015-03-09 02:50:48] EDIT appt/static/css/calendar.css: 255
[2015-03-09 02:50:58] EDIT appt/static/css/base.css: 0
[2015-03-09 02:51:10] EDIT appt/views/layout.html: -2
[2015-03-09 02:52:29] EDIT appt/views/default/index.html: 0
[2015-03-09 02:53:43] EDIT appt/views/default/index.html: -6
[2015-03-09 02:54:34] EDIT appt/static/css/base.css: 1
[2015-03-09 02:54:57] EDIT appt/static/css/base.css: 0
[2015-03-09 02:55:19] EDIT appt/static/css/base.css: 0
[2015-03-09 02:55:31] EDIT appt/static/css/base.css: 0
[2015-03-09 02:57:41] EDIT appt/views/default/index.html: -4
[2015-03-09 02:58:17] EDIT appt/views/default/index.html: 1
[2015-03-09 03:02:42] EDIT appt/views/default/index.html: 1
[2015-03-09 03:02:52] EDIT appt/views/default/index.html: 0
[2015-03-09 03:03:11] EDIT appt/views/default/index.html: -1
[2015-03-09 03:05:49] EDIT appt/views/default/mycal.html: 0
[2015-03-09 03:07:02] EDIT appt/views/default/appointment_select.html: 0
[2015-03-09 03:07:55] EDIT appt/views/default/appointment_create.html: 0
[2015-03-09 13:30:47] EDIT h/models/db_wizard.py: 4
[2015-03-09 13:31:10] EDIT h/models/db_wizard.py: -4
[2015-03-09 13:31:36] CREATE friends.py: 0
[2015-03-09 13:31:40] EDIT h/models/friends.py: 4
[2015-03-09 13:32:54] CREATE friends.py: 0
[2015-03-09 13:34:09] DELETE h/controllers/friends.py: -1
[2015-03-09 13:34:45] EDIT h/models/db_wizard.py: 4
[2015-03-09 13:34:52] CREATE friends.py: 0
[2015-03-09 13:37:25] EDIT h/controllers/friends.py: 117
[2015-03-09 13:37:29] EDIT h/models/db_wizard.py: 0
[2015-03-09 13:37:52] DELETE h/models/friends.py: -4
[2015-03-09 13:38:32] CREATE friends/edit.html: 0
[2015-03-09 13:38:41] EDIT h/views/friends/edit.html: 73
[2015-03-09 13:50:58] EDIT h/controllers/friends.py: 0
[2015-03-09 22:16:50] EDIT h/controllers/friends.py: 0
[2015-03-09 22:16:52] EDIT h/views/friends/edit.html: 0
[2015-03-10 08:43:50] EDIT h/views/default/index.html: 25
[2015-03-10 08:44:52] EDIT h/views/default/index.html: 0
[2015-03-10 08:45:33] EDIT h/views/default/index.html: -25
[2015-03-10 08:51:18] EDIT h/views/friends/edit.html: -1
[2015-03-10 08:51:26] EDIT h/views/friends/edit.html: 1
[2015-03-10 09:39:36] EDIT h/controllers/friends.py: 0
[2015-03-10 09:39:38] EDIT h/views/friends/edit.html: 0
[2015-03-10 09:39:40] EDIT h/views/default/index.html: 0
[2015-03-10 15:14:55] CREATE friends.html: 0
[2015-03-10 18:02:40] EDIT h/models/db_wizard.py: 0
[2015-03-10 18:13:37] EDIT h/models/db.py: 5
[2015-03-10 18:16:13] EDIT h/models/db.py: 0
[2015-03-10 18:31:12] EDIT h/controllers/default.py: 2
[2015-03-10 18:32:26] EDIT h/controllers/default.py: 0
[2015-03-10 18:38:02] EDIT h/controllers/default.py: 13
[2015-03-10 18:39:45] EDIT h/controllers/default.py: 0
[2015-03-10 18:41:44] EDIT h/models/db_wizard.py: 4
[2015-03-10 18:41:59] EDIT h/models/db_wizard.py: 0
[2015-03-10 18:43:12] EDIT h/models/db_wizard.py: 0
[2015-03-10 18:46:45] EDIT h/models/db_wizard.py: 0
[2015-03-10 18:49:44] EDIT h/controllers/default.py: 1
[2015-03-10 18:49:55] EDIT h/controllers/default.py: -1
[2015-03-10 18:58:29] EDIT h/controllers/default.py: 1
[2015-03-10 18:59:26] EDIT h/controllers/default.py: 0
[2015-03-10 18:59:37] EDIT h/views/default/appointment_create.html: 1
[2015-03-10 19:00:45] EDIT h/controllers/default.py: 1
[2015-03-10 19:00:51] EDIT h/views/default/appointment_create.html: 0
[2015-03-10 19:02:06] EDIT h/models/db_wizard.py: 0
[2015-03-10 19:13:32] EDIT h/controllers/default.py: -1
[2015-03-10 19:13:48] EDIT h/models/db_wizard.py: 0
[2015-03-10 19:13:50] EDIT h/views/default/appointment_create.html: 0
[2015-03-10 19:13:52] EDIT h/controllers/default.py: 0
[2015-03-10 19:13:54] EDIT h/models/db.py: 0
[2015-03-10 20:56:34] CREATE default/search.html: 0
[2015-03-10 20:57:27] EDIT h/controllers/default.py: 0
[2015-03-10 20:57:29] EDIT h/views/default/search.html: 15
[2015-03-10 21:01:41] EDIT h/controllers/default.py: 9
[2015-03-10 21:04:25] EDIT h/controllers/default.py: 0
[2015-03-10 21:05:42] EDIT h/views/default/search.html: 0
[2015-03-10 21:05:43] EDIT h/views/default/search.html: 0
[2015-03-10 21:14:49] CREATE default/blahblah.html: 0
[2015-03-10 21:15:25] EDIT h/views/default/blahblah.html: 3
[2015-03-10 21:16:34] EDIT h/models/menu.py: 0
[2015-03-10 21:16:50] EDIT h/models/menu.py: 0
[2015-03-10 21:18:39] EDIT h/models/menu.py: 1
[2015-03-10 21:36:40] EDIT h/views/default/search.html: 0
[2015-03-10 21:40:10] EDIT h/views/default/search.html: 0
[2015-03-10 21:40:33] EDIT h/views/default/search.html: 0
[2015-03-10 21:46:22] EDIT h/views/default/index.html: 1
[2015-03-10 21:48:34] EDIT h/views/default/search.html: 0
[2015-03-10 21:49:30] EDIT h/views/default/index.html: 2
[2015-03-10 21:53:45] EDIT h/models/db.py: 0
[2015-03-10 22:02:22] EDIT h/controllers/default.py: 1
[2015-03-10 22:02:31] EDIT h/controllers/default.py: 0
[2015-03-10 22:02:37] EDIT h/controllers/default.py: 0
[2015-03-10 22:03:01] EDIT h/views/default/index.html: 0
[2015-03-10 22:04:21] EDIT h/controllers/default.py: 0
[2015-03-10 22:04:57] EDIT h/controllers/default.py: 0
[2015-03-10 22:06:55] EDIT h/views/default/index.html: 0
[2015-03-10 22:10:10] EDIT h/controllers/default.py: 0
[2015-03-10 22:10:59] EDIT h/views/default/index.html: -3
[2015-03-10 22:12:31] EDIT h/views/default/index.html: 0
[2015-03-10 22:16:50] EDIT h/models/db_wizard.py: 0
[2015-03-10 22:17:56] EDIT h/views/default/appointment_select.html: 0
[2015-03-10 22:18:04] EDIT h/views/default/appointment_select.html: 0
[2015-03-10 22:19:22] EDIT h/views/default/appointment_select.html: 0
[2015-03-10 22:20:04] EDIT h/views/default/appointment_select.html: 1
[2015-03-10 22:20:05] EDIT h/views/default/appointment_select.html: 0
[2015-03-10 22:20:26] EDIT h/views/default/appointment_select.html: -1
[2015-03-10 22:20:54] EDIT h/controllers/default.py: 0
[2015-03-10 22:21:06] EDIT h/controllers/default.py: 0
[2015-03-10 22:22:07] EDIT h/models/db_wizard.py: 0
[2015-03-10 22:22:28] EDIT h/models/db_wizard.py: 0
[2015-03-10 22:22:37] EDIT h/models/db_wizard.py: -1
[2015-03-10 22:22:45] EDIT h/models/db_wizard.py: 0
[2015-03-10 22:23:07] EDIT h/models/db_wizard.py: 0
[2015-03-10 22:30:36] EDIT h/controllers/default.py: 2
[2015-03-10 22:30:40] EDIT h/controllers/default.py: -1
[2015-03-10 22:30:47] EDIT h/controllers/default.py: -1
[2015-03-10 22:31:23] EDIT h/controllers/default.py: 0
[2015-03-10 22:32:16] EDIT h/controllers/default.py: 0
[2015-03-10 22:32:37] EDIT h/controllers/default.py: 0
[2015-03-10 22:35:34] EDIT h/controllers/default.py: 0
[2015-03-10 22:36:08] EDIT h/controllers/default.py: 0
[2015-03-10 22:37:31] EDIT h/controllers/default.py: -3
[2015-03-10 22:38:08] EDIT h/controllers/default.py: 0
[2015-03-10 22:40:20] EDIT h/models/db.py: 1
[2015-03-10 22:40:40] EDIT h/models/db.py: -5
[2015-03-10 22:40:49] EDIT h/models/db_wizard.py: 1
[2015-03-10 22:41:42] EDIT h/models/db_wizard.py: 0
[2015-03-10 22:42:26] EDIT h/controllers/default.py: 2
[2015-03-10 22:43:32] EDIT h/controllers/default.py: 1
[2015-03-10 22:44:52] EDIT h/controllers/default.py: 0
[2015-03-10 22:45:12] EDIT h/controllers/default.py: -3
[2015-03-10 22:45:40] EDIT h/controllers/default.py: 0
[2015-03-10 22:46:01] EDIT h/controllers/default.py: 0
[2015-03-10 22:46:45] EDIT h/controllers/default.py: 0
[2015-03-10 22:47:29] EDIT h/controllers/default.py: 0
[2015-03-10 23:37:49] EDIT h/controllers/default.py: 0
[2015-03-10 23:43:47] EDIT h/controllers/default.py: 0
[2015-03-10 23:44:08] EDIT h/controllers/default.py: 0
[2015-03-10 23:44:12] EDIT h/views/default/search.html: 0
[2015-03-10 23:44:15] EDIT h/models/db.py: 0
[2015-03-10 23:44:17] EDIT h/views/default/index.html: 0
[2015-03-10 23:44:19] EDIT h/models/db_wizard.py: 0
[2015-03-10 23:44:22] EDIT h/views/default/appointment_select.html: 0
[2015-03-11 10:00:27] EDIT h/views/default/search.html: -2
[2015-03-11 10:01:09] EDIT h/views/default/search.html: 0
[2015-03-11 10:08:21] EDIT h/controllers/default.py: 1
[2015-03-11 10:08:48] EDIT h/controllers/default.py: 0
[2015-03-11 10:09:07] EDIT h/controllers/default.py: 0
[2015-03-11 10:10:02] EDIT h/controllers/default.py: 0
[2015-03-11 10:10:13] EDIT h/controllers/default.py: 0
[2015-03-11 10:11:01] EDIT h/controllers/default.py: 0
[2015-03-11 10:11:14] EDIT h/controllers/default.py: 0
[2015-03-11 10:11:32] EDIT h/controllers/default.py: 0
[2015-03-11 10:12:31] EDIT h/controllers/default.py: 0
[2015-03-11 10:12:53] EDIT h/controllers/default.py: 0
[2015-03-11 10:13:04] EDIT h/controllers/default.py: 0
[2015-03-11 10:13:43] EDIT h/controllers/default.py: 0
[2015-03-11 10:14:42] EDIT h/models/menu.py: 0
[2015-03-11 10:18:21] EDIT h/views/default/appointment_read.html: -1
[2015-03-11 10:18:30] EDIT h/views/default/appointment_read.html: 1
[2015-03-11 10:18:59] EDIT h/views/default/appointment_read.html: 0
[2015-03-11 10:19:08] EDIT h/views/default/appointment_read.html: 0
[2015-03-11 10:19:22] EDIT h/views/default/appointment_read.html: 0
[2015-03-11 10:19:40] EDIT h/views/default/appointment_read.html: 0
[2015-03-11 10:20:19] EDIT h/views/default/appointment_read.html: -1
[2015-03-11 10:20:34] EDIT h/views/default/appointment_read.html: 1
[2015-03-11 10:21:27] EDIT h/views/default/appointment_read.html: -1
[2015-03-11 10:21:46] EDIT h/views/default/appointment_read.html: 1
[2015-03-11 10:21:50] EDIT h/views/default/appointment_read.html: 0
[2015-03-11 10:21:52] EDIT h/models/menu.py: 0
[2015-03-11 10:21:54] EDIT h/models/db_wizard.py: 0
[2015-03-11 10:22:06] EDIT h/controllers/default.py: 0
[2015-03-11 18:22:33] EDIT merged/controllers/default.py: 1
[2015-03-11 18:25:38] EDIT merged/controllers/default.py: 0
[2015-03-11 18:26:12] EDIT merged/controllers/default.py: 1
[2015-03-11 18:27:08] EDIT merged/controllers/default.py: 0
[2015-03-11 18:28:11] EDIT merged/views/default/appointment_create.html: -1
[2015-03-11 18:28:25] EDIT merged/models/db_wizard.py: 1
[2015-03-11 18:29:11] EDIT merged/static/css/base.css: 3
[2015-03-11 18:31:11] EDIT merged/controllers/default.py: 0
[2015-03-11 18:31:20] EDIT merged/controllers/default.py: 0
[2015-03-11 18:32:09] EDIT merged/models/db_wizard.py: 0
[2015-03-11 18:32:20] EDIT merged/models/db_wizard.py: 0
[2015-03-11 18:32:38] EDIT merged/models/db_wizard.py: 0
[2015-03-11 18:35:31] EDIT merged/models/db_wizard.py: 0
